13:27:55 **** Rebuild of configuration Debug for project Assignment1_Arrays ****
Info: Configuration "Debug" uses tool-chain "MinGW GCC" that is unsupported on this system, attempting to build anyway.
Info: Internal Builder is used for build
g++ -O0 -g3 -Wall -c -fmessage-length=0 -o arrays.o ../arrays.cpp 
g++ -o Assignment1_Arrays.exe arrays.o 
13:27:56 **** Rebuild of configuration Debug for project Assignment2_StringSet ****
Info: Configuration "Debug" uses tool-chain "MinGW GCC" that is unsupported on this system, attempting to build anyway.
Info: Internal Builder is used for build
g++ -O0 -g3 -Wall -c -fmessage-length=0 -o StringSet.o ../StringSet.cpp 
In file included from ../StringSet.cpp:8:0:
../StringSet.h:18:17: warning: non-static data member initializers only available with -std=c++11 or -std=gnu++11 [enabled by default]
  int MAX_SIZE = 4;
                 ^
../StringSet.h:29:43: warning: defaulted and deleted functions only available with -std=c++11 or -std=gnu++11 [enabled by default]
  StringSet& operator=(const StringSet&) = delete;
                                           ^
g++ -O0 -g3 -Wall -c -fmessage-length=0 -o Assignment2_StringSet.o ../Assignment2_StringSet.cpp 
In file included from ../Assignment2_StringSet.cpp:11:0:
../StringSet.h:18:17: warning: non-static data member initializers only available with -std=c++11 or -std=gnu++11 [enabled by default]
  int MAX_SIZE = 4;
                 ^
../StringSet.h:29:43: warning: defaulted and deleted functions only available with -std=c++11 or -std=gnu++11 [enabled by default]
  StringSet& operator=(const StringSet&) = delete;
                                           ^
../StringSet.h:36:12: warning: ‘current_size’ defined but not used [-Wunused-variable]
 static int current_size;
            ^
g++ -o Assignment2_StringSet.exe Assignment2_StringSet.o StringSet.o 
13:27:56 **** Clean-only build of configuration Debug for project CMPT225_Assignment_3_Deque ****
make clean 
rm -rf  ./Main.o  ./Main.d  CMPT225_Assignment_3_Deque
 
13:27:56 **** Build of configuration Debug for project CMPT225_Assignment_3_Deque ****
make all 
Building file: ../Main.cpp
Invoking: GCC C++ Compiler
g++ -O0 -g3 -Wall -c -fmessage-length=0 -MMD -MP -MF"Main.d" -MT"Main.d" -o "Main.o" "../Main.cpp"
Finished building: ../Main.cpp
 
Building target: CMPT225_Assignment_3_Deque
Invoking: GCC C++ Linker
g++  -o "CMPT225_Assignment_3_Deque"  ./Main.o   
Finished building target: CMPT225_Assignment_3_Deque
 
13:27:56 **** Build of configuration Debug for project NodeTest ****
make all 
Building file: ../maintest.cpp
Invoking: GCC C++ Compiler
g++ -O0 -g3 -Wall -c -fmessage-length=0 -MMD -MP -MF"maintest.d" -MT"maintest.d" -o "maintest.o" "../maintest.cpp"
../maintest.cpp:1:1: error: expected unqualified-id at end of input
 int
 ^
make: *** [maintest.o] Error 1
Info: Nothing to build for Assignment1_Arrays
Info: Nothing to build for Assignment2_StringSet
13:28:00 **** Incremental Build of configuration Debug for project CMPT225_Assignment_3_Deque ****
make all 
make: Nothing to be done for `all'.
13:28:01 **** Incremental Build of configuration Debug for project NodeTest ****
make all 
Building file: ../maintest.cpp
Invoking: GCC C++ Compiler
g++ -O0 -g3 -Wall -c -fmessage-length=0 -MMD -MP -MF"maintest.d" -MT"maintest.d" -o "maintest.o" "../maintest.cpp"
Finished building: ../maintest.cpp
 
Building target: NodeTest
Invoking: GCC C++ Linker
g++  -o "NodeTest"  ./maintest.o   
/usr/bin/ld: /usr/lib/debug/usr/lib/x86_64-linux-gnu/crt1.o(.debug_info): relocation 0 has invalid symbol index 11
/usr/bin/ld: /usr/lib/debug/usr/lib/x86_64-linux-gnu/crt1.o(.debug_info): relocation 1 has invalid symbol index 12
/usr/bin/ld: /usr/lib/debug/usr/lib/x86_64-linux-gnu/crt1.o(.debug_info): relocation 2 has invalid symbol index 2
/usr/bin/ld: /usr/lib/debug/usr/lib/x86_64-linux-gnu/crt1.o(.debug_info): relocation 3 has invalid symbol index 2
/usr/bin/ld: /usr/lib/debug/usr/lib/x86_64-linux-gnu/crt1.o(.debug_info): relocation 4 has invalid symbol index 11
/usr/bin/ld: /usr/lib/debug/usr/lib/x86_64-linux-gnu/crt1.o(.debug_info): relocation 5 has invalid symbol index 13
/usr/bin/ld: /usr/lib/debug/usr/lib/x86_64-linux-gnu/crt1.o(.debug_info): relocation 6 has invalid symbol index 13
/usr/bin/ld: /usr/lib/debug/usr/lib/x86_64-linux-gnu/crt1.o(.debug_info): relocation 7 has invalid symbol index 13
/usr/bin/ld: /usr/lib/debug/usr/lib/x86_64-linux-gnu/crt1.o(.debug_info): relocation 8 has invalid symbol index 12
/usr/bin/ld: /usr/lib/debug/usr/lib/x86_64-linux-gnu/crt1.o(.debug_info): relocation 9 has invalid symbol index 13
/usr/bin/ld: /usr/lib/debug/usr/lib/x86_64-linux-gnu/crt1.o(.debug_info): relocation 10 has invalid symbol index 13
/usr/bin/ld: /usr/lib/debug/usr/lib/x86_64-linux-gnu/crt1.o(.debug_info): relocation 11 has invalid symbol index 13
/usr/bin/ld: /usr/lib/debug/usr/lib/x86_64-linux-gnu/crt1.o(.debug_info): relocation 12 has invalid symbol index 13
/usr/bin/ld: /usr/lib/debug/usr/lib/x86_64-linux-gnu/crt1.o(.debug_info): relocation 13 has invalid symbol index 13
/usr/bin/ld: /usr/lib/debug/usr/lib/x86_64-linux-gnu/crt1.o(.debug_info): relocation 14 has invalid symbol index 13
/usr/bin/ld: /usr/lib/debug/usr/lib/x86_64-linux-gnu/crt1.o(.debug_info): relocation 15 has invalid symbol index 13
/usr/bin/ld: /usr/lib/debug/usr/lib/x86_64-linux-gnu/crt1.o(.debug_info): relocation 16 has invalid symbol index 13
/usr/bin/ld: /usr/lib/debug/usr/lib/x86_64-linux-gnu/crt1.o(.debug_info): relocation 17 has invalid symbol index 13
/usr/bin/ld: /usr/lib/debug/usr/lib/x86_64-linux-gnu/crt1.o(.debug_info): relocation 18 has invalid symbol index 13
/usr/bin/ld: /usr/lib/debug/usr/lib/x86_64-linux-gnu/crt1.o(.debug_info): relocation 19 has invalid symbol index 21
/usr/bin/ld: /usr/lib/debug/usr/lib/x86_64-linux-gnu/crt1.o(.debug_line): relocation 0 has invalid symbol index 2
/usr/lib/gcc/x86_64-linux-gnu/4.8/../../../x86_64-linux-gnu/crt1.o: In function `_start':
(.text+0x20): undefined reference to `main'
collect2: error: ld returned 1 exit status
make: *** [NodeTest] Error 1
Info: Nothing to build for Assignment1_Arrays
Info: Nothing to build for Assignment2_StringSet
13:28:24 **** Incremental Build of configuration Debug for project CMPT225_Assignment_3_Deque ****
make all 
make: Nothing to be done for `all'.
13:28:24 **** Incremental Build of configuration Debug for project NodeTest ****
make all 
Building file: ../main.cpp
Invoking: GCC C++ Compiler
g++ -O0 -g3 -Wall -c -fmessage-length=0 -MMD -MP -MF"main.d" -MT"main.d" -o "main.o" "../main.cpp"
Finished building: ../main.cpp
 
Building target: NodeTest
Invoking: GCC C++ Linker
g++  -o "NodeTest"  ./main.o   
/usr/bin/ld: /usr/lib/debug/usr/lib/x86_64-linux-gnu/crt1.o(.debug_info): relocation 0 has invalid symbol index 11
/usr/bin/ld: /usr/lib/debug/usr/lib/x86_64-linux-gnu/crt1.o(.debug_info): relocation 1 has invalid symbol index 12
/usr/bin/ld: /usr/lib/debug/usr/lib/x86_64-linux-gnu/crt1.o(.debug_info): relocation 2 has invalid symbol index 2
/usr/bin/ld: /usr/lib/debug/usr/lib/x86_64-linux-gnu/crt1.o(.debug_info): relocation 3 has invalid symbol index 2
/usr/bin/ld: /usr/lib/debug/usr/lib/x86_64-linux-gnu/crt1.o(.debug_info): relocation 4 has invalid symbol index 11
/usr/bin/ld: /usr/lib/debug/usr/lib/x86_64-linux-gnu/crt1.o(.debug_info): relocation 5 has invalid symbol index 13
/usr/bin/ld: /usr/lib/debug/usr/lib/x86_64-linux-gnu/crt1.o(.debug_info): relocation 6 has invalid symbol index 13
/usr/bin/ld: /usr/lib/debug/usr/lib/x86_64-linux-gnu/crt1.o(.debug_info): relocation 7 has invalid symbol index 13
/usr/bin/ld: /usr/lib/debug/usr/lib/x86_64-linux-gnu/crt1.o(.debug_info): relocation 8 has invalid symbol index 12
/usr/bin/ld: /usr/lib/debug/usr/lib/x86_64-linux-gnu/crt1.o(.debug_info): relocation 9 has invalid symbol index 13
/usr/bin/ld: /usr/lib/debug/usr/lib/x86_64-linux-gnu/crt1.o(.debug_info): relocation 10 has invalid symbol index 13
/usr/bin/ld: /usr/lib/debug/usr/lib/x86_64-linux-gnu/crt1.o(.debug_info): relocation 11 has invalid symbol index 13
/usr/bin/ld: /usr/lib/debug/usr/lib/x86_64-linux-gnu/crt1.o(.debug_info): relocation 12 has invalid symbol index 13
/usr/bin/ld: /usr/lib/debug/usr/lib/x86_64-linux-gnu/crt1.o(.debug_info): relocation 13 has invalid symbol index 13
/usr/bin/ld: /usr/lib/debug/usr/lib/x86_64-linux-gnu/crt1.o(.debug_info): relocation 14 has invalid symbol index 13
/usr/bin/ld: /usr/lib/debug/usr/lib/x86_64-linux-gnu/crt1.o(.debug_info): relocation 15 has invalid symbol index 13
/usr/bin/ld: /usr/lib/debug/usr/lib/x86_64-linux-gnu/crt1.o(.debug_info): relocation 16 has invalid symbol index 13
/usr/bin/ld: /usr/lib/debug/usr/lib/x86_64-linux-gnu/crt1.o(.debug_info): relocation 17 has invalid symbol index 13
/usr/bin/ld: /usr/lib/debug/usr/lib/x86_64-linux-gnu/crt1.o(.debug_info): relocation 18 has invalid symbol index 13
/usr/bin/ld: /usr/lib/debug/usr/lib/x86_64-linux-gnu/crt1.o(.debug_info): relocation 19 has invalid symbol index 21
/usr/bin/ld: /usr/lib/debug/usr/lib/x86_64-linux-gnu/crt1.o(.debug_line): relocation 0 has invalid symbol index 2
/usr/lib/gcc/x86_64-linux-gnu/4.8/../../../x86_64-linux-gnu/crt1.o: In function `_start':
(.text+0x20): undefined reference to `main'
collect2: error: ld returned 1 exit status
make: *** [NodeTest] Error 1
Info: Nothing to build for Assignment1_Arrays
Info: Nothing to build for Assignment2_StringSet
13:29:17 **** Incremental Build of configuration Debug for project CMPT225_Assignment_3_Deque ****
make all 
make: Nothing to be done for `all'.
13:29:17 **** Incremental Build of configuration Debug for project NodeTest ****
make all 
Building file: ../main.cpp
Invoking: GCC C++ Compiler
g++ -O0 -g3 -Wall -c -fmessage-length=0 -MMD -MP -MF"main.d" -MT"main.d" -o "main.o" "../main.cpp"
Finished building: ../main.cpp
 
Building target: NodeTest
Invoking: GCC C++ Linker
g++  -o "NodeTest"  ./main.o   
Finished building target: NodeTest
 
13:29:20 **** Incremental Build of configuration Debug for project NodeTest ****
make all 
make: Nothing to be done for `all'.
Info: Nothing to build for Assignment1_Arrays
Info: Nothing to build for Assignment2_StringSet
13:29:35 **** Incremental Build of configuration Debug for project CMPT225_Assignment_3_Deque ****
make all 
make: Nothing to be done for `all'.
13:29:35 **** Incremental Build of configuration Debug for project NodeTest ****
make all 
Building file: ../main.cpp
Invoking: GCC C++ Compiler
g++ -O0 -g3 -Wall -c -fmessage-length=0 -MMD -MP -MF"main.d" -MT"main.d" -o "main.o" "../main.cpp"
../main.cpp:3:17: error: expected identifier before string constant
 using namespace "std";
                 ^
../main.cpp:3:17: error: expected ‘;’ before string constant
../main.cpp:3:17: error: expected unqualified-id before string constant
../main.cpp: In function ‘int main()’:
../main.cpp:7:2: error: ‘cout’ was not declared in this scope
  cout << "tst" << endl;
  ^
../main.cpp:7:2: note: suggested alternative:
In file included from ../main.cpp:2:0:
/usr/include/c++/4.8/iostream:61:18: note:   ‘std::cout’
   extern ostream cout;  /// Linked to standard output
                  ^
../main.cpp:7:19: error: ‘endl’ was not declared in this scope
  cout << "tst" << endl;
                   ^
../main.cpp:7:19: note: suggested alternative:
In file included from /usr/include/c++/4.8/iostream:39:0,
                 from ../main.cpp:2:
/usr/include/c++/4.8/ostream:564:5: note:   ‘std::endl’
     endl(basic_ostream<_CharT, _Traits>& __os)
     ^
make: *** [main.o] Error 1
Info: Nothing to build for Assignment1_Arrays
Info: Nothing to build for Assignment2_StringSet
13:29:38 **** Incremental Build of configuration Debug for project CMPT225_Assignment_3_Deque ****
make all 
make: Nothing to be done for `all'.
13:29:38 **** Incremental Build of configuration Debug for project NodeTest ****
make all 
Building file: ../main.cpp
Invoking: GCC C++ Compiler
g++ -O0 -g3 -Wall -c -fmessage-length=0 -MMD -MP -MF"main.d" -MT"main.d" -o "main.o" "../main.cpp"
../main.cpp:3:17: error: expected identifier before string constant
 using namespace "std";
                 ^
../main.cpp:3:17: error: expected ‘;’ before string constant
../main.cpp:3:17: error: expected unqualified-id before string constant
../main.cpp: In function ‘int main()’:
../main.cpp:7:2: error: ‘cout’ was not declared in this scope
  cout << "tst" << endl;
  ^
../main.cpp:7:2: note: suggested alternative:
In file included from ../main.cpp:2:0:
/usr/include/c++/4.8/iostream:61:18: note:   ‘std::cout’
   extern ostream cout;  /// Linked to standard output
                  ^
../main.cpp:7:19: error: ‘endl’ was not declared in this scope
  cout << "tst" << endl;
                   ^
../main.cpp:7:19: note: suggested alternative:
In file included from /usr/include/c++/4.8/iostream:39:0,
                 from ../main.cpp:2:
/usr/include/c++/4.8/ostream:564:5: note:   ‘std::endl’
     endl(basic_ostream<_CharT, _Traits>& __os)
     ^
make: *** [main.o] Error 1
Info: Nothing to build for Assignment1_Arrays
Info: Nothing to build for Assignment2_StringSet
13:30:19 **** Incremental Build of configuration Debug for project CMPT225_Assignment_3_Deque ****
make all 
make: Nothing to be done for `all'.
13:30:19 **** Incremental Build of configuration Debug for project NodeTest ****
make all 
Building file: ../main.cpp
Invoking: GCC C++ Compiler
g++ -O0 -g3 -Wall -c -fmessage-length=0 -MMD -MP -MF"main.d" -MT"main.d" -o "main.o" "../main.cpp"
Finished building: ../main.cpp
 
Building target: NodeTest
Invoking: GCC C++ Linker
g++  -o "NodeTest"  ./main.o   
Finished building target: NodeTest
 
13:30:25 **** Incremental Build of configuration Debug for project NodeTest ****
make all 
Building file: ../main.cpp
Invoking: GCC C++ Compiler
g++ -O0 -g3 -Wall -c -fmessage-length=0 -MMD -MP -MF"main.d" -MT"main.d" -o "main.o" "../main.cpp"
Finished building: ../main.cpp
 
Building target: NodeTest
Invoking: GCC C++ Linker
g++  -o "NodeTest"  ./main.o   
Finished building target: NodeTest
 
13:31:17 **** Incremental Build of configuration Debug for project NodeTest ****
make all 
make: Nothing to be done for `all'.
Info: Nothing to build for Assignment1_Arrays
Info: Nothing to build for Assignment2_StringSet
13:31:57 **** Incremental Build of configuration Debug for project CMPT225_Assignment_3_Deque ****
make all 
make: Nothing to be done for `all'.
13:31:57 **** Incremental Build of configuration Debug for project NodeTest ****
make all 
Building file: ../main.cpp
Invoking: GCC C++ Compiler
g++ -O0 -g3 -Wall -c -fmessage-length=0 -MMD -MP -MF"main.d" -MT"main.d" -o "main.o" "../main.cpp"
../main.cpp: In function ‘int main()’:
../main.cpp:8:2: error: ‘Node’ was not declared in this scope
  Node<int> *front;
  ^
../main.cpp:8:7: error: expected primary-expression before ‘int’
  Node<int> *front;
       ^
../main.cpp:8:7: error: expected ‘;’ before ‘int’
make: *** [main.o] Error 1
13:39:00 **** Incremental Build of configuration Debug for project NodeTest ****
make all 
Building file: ../main.cpp
Invoking: GCC C++ Compiler
g++ -O0 -g3 -Wall -c -fmessage-length=0 -MMD -MP -MF"main.d" -MT"main.d" -o "main.o" "../main.cpp"
../main.cpp:16:1: error: expected ‘;’ after struct definition
 }
 ^
make: *** [main.o] Error 1
Info: Nothing to build for Assignment1_Arrays
Info: Nothing to build for Assignment2_StringSet
13:39:14 **** Incremental Build of configuration Debug for project CMPT225_Assignment_3_Deque ****
make all 
make: Nothing to be done for `all'.
13:39:14 **** Incremental Build of configuration Debug for project NodeTest ****
make all 
Building file: ../main.cpp
Invoking: GCC C++ Compiler
g++ -O0 -g3 -Wall -c -fmessage-length=0 -MMD -MP -MF"main.d" -MT"main.d" -o "main.o" "../main.cpp"
Finished building: ../main.cpp
 
Building target: NodeTest
Invoking: GCC C++ Linker
g++  -o "NodeTest"  ./main.o   
Finished building target: NodeTest
 
Info: Nothing to build for Assignment1_Arrays
Info: Nothing to build for Assignment2_StringSet
13:41:33 **** Incremental Build of configuration Debug for project CMPT225_Assignment_3_Deque ****
make all 
make: Nothing to be done for `all'.
13:41:33 **** Incremental Build of configuration Debug for project NodeTest ****
make all 
Building file: ../main.cpp
Invoking: GCC C++ Compiler
g++ -O0 -g3 -Wall -c -fmessage-length=0 -MMD -MP -MF"main.d" -MT"main.d" -o "main.o" "../main.cpp"
../main.cpp: In function ‘int main()’:
../main.cpp:7:2: error: ‘node’ was not declared in this scope
  node* casasdd;
  ^
../main.cpp:7:8: error: ‘casasdd’ was not declared in this scope
  node* casasdd;
        ^
make: *** [main.o] Error 1
Info: Nothing to build for Assignment1_Arrays
Info: Nothing to build for Assignment2_StringSet
13:43:51 **** Incremental Build of configuration Debug for project CMPT225_Assignment_3_Deque ****
make all 
make: Nothing to be done for `all'.
13:43:51 **** Incremental Build of configuration Debug for project NodeTest ****
make all 
Building file: ../main.cpp
Invoking: GCC C++ Compiler
g++ -O0 -g3 -Wall -c -fmessage-length=0 -MMD -MP -MF"main.d" -MT"main.d" -o "main.o" "../main.cpp"
../main.cpp: In function ‘int main()’:
../main.cpp:10:8: warning: variable ‘n’ set but not used [-Wunused-but-set-variable]
  node* n;
        ^
Finished building: ../main.cpp
 
Building target: NodeTest
Invoking: GCC C++ Linker
g++  -o "NodeTest"  ./main.o   
Finished building target: NodeTest
 
13:43:56 **** Incremental Build of configuration Debug for project NodeTest ****
make all 
make: Nothing to be done for `all'.
Info: Nothing to build for Assignment1_Arrays
Info: Nothing to build for Assignment2_StringSet
13:44:58 **** Incremental Build of configuration Debug for project CMPT225_Assignment_3_Deque ****
make all 
make: Nothing to be done for `all'.
13:44:58 **** Incremental Build of configuration Debug for project NodeTest ****
make all 
Building file: ../main.cpp
Invoking: GCC C++ Compiler
g++ -O0 -g3 -Wall -c -fmessage-length=0 -MMD -MP -MF"main.d" -MT"main.d" -o "main.o" "../main.cpp"
Finished building: ../main.cpp
 
Building target: NodeTest
Invoking: GCC C++ Linker
g++  -o "NodeTest"  ./main.o   
Finished building target: NodeTest
 
13:47:47 **** Incremental Build of configuration Debug for project NodeTest ****
make all 
Building file: ../main.cpp
Invoking: GCC C++ Compiler
g++ -O0 -g3 -Wall -c -fmessage-length=0 -MMD -MP -MF"main.d" -MT"main.d" -o "main.o" "../main.cpp"
Finished building: ../main.cpp
 
Building target: NodeTest
Invoking: GCC C++ Linker
g++  -o "NodeTest"  ./main.o   
Finished building target: NodeTest
 
13:48:11 **** Incremental Build of configuration Debug for project NodeTest ****
make all 
Building file: ../main.cpp
Invoking: GCC C++ Compiler
g++ -O0 -g3 -Wall -c -fmessage-length=0 -MMD -MP -MF"main.d" -MT"main.d" -o "main.o" "../main.cpp"
Finished building: ../main.cpp
 
Building target: NodeTest
Invoking: GCC C++ Linker
g++  -o "NodeTest"  ./main.o   
Finished building target: NodeTest
 
13:49:28 **** Incremental Build of configuration Debug for project NodeTest ****
make all 
Building file: ../main.cpp
Invoking: GCC C++ Compiler
g++ -O0 -g3 -Wall -c -fmessage-length=0 -MMD -MP -MF"main.d" -MT"main.d" -o "main.o" "../main.cpp"
Finished building: ../main.cpp
 
Building target: NodeTest
Invoking: GCC C++ Linker
g++  -o "NodeTest"  ./main.o   
Finished building target: NodeTest
 
13:51:26 **** Incremental Build of configuration Debug for project NodeTest ****
make all 
Building file: ../main.cpp
Invoking: GCC C++ Compiler
g++ -O0 -g3 -Wall -c -fmessage-length=0 -MMD -MP -MF"main.d" -MT"main.d" -o "main.o" "../main.cpp"
Finished building: ../main.cpp
 
Building target: NodeTest
Invoking: GCC C++ Linker
g++  -o "NodeTest"  ./main.o   
Finished building target: NodeTest
 
13:51:36 **** Incremental Build of configuration Debug for project NodeTest ****
make all 
Building file: ../main.cpp
Invoking: GCC C++ Compiler
g++ -O0 -g3 -Wall -c -fmessage-length=0 -MMD -MP -MF"main.d" -MT"main.d" -o "main.o" "../main.cpp"
Finished building: ../main.cpp
 
Building target: NodeTest
Invoking: GCC C++ Linker
g++  -o "NodeTest"  ./main.o   
Finished building target: NodeTest
 
Info: Nothing to build for Assignment1_Arrays
Info: Nothing to build for Assignment2_StringSet
13:57:56 **** Incremental Build of configuration Debug for project CMPT225_Assignment_3_Deque ****
make all 
make: Nothing to be done for `all'.
13:57:56 **** Incremental Build of configuration Debug for project NodeTest ****
make all 
make: Nothing to be done for `all'.
Info: Nothing to build for Assignment1_Arrays
Info: Nothing to build for Assignment2_StringSet
14:10:31 **** Incremental Build of configuration Debug for project CMPT225_Assignment_3_Deque ****
make all 
Building file: ../Deque.cpp
Invoking: GCC C++ Compiler
g++ -O0 -g3 -Wall -c -fmessage-length=0 -MMD -MP -MF"Deque.d" -MT"Deque.d" -o "Deque.o" "../Deque.cpp"
../Deque.cpp:4:6: error: expected unqualified-id before ‘)’ token
 Node(){
      ^
make: *** [Deque.o] Error 1
14:10:31 **** Incremental Build of configuration Debug for project NodeTest ****
make all 
make: Nothing to be done for `all'.
Info: Nothing to build for Assignment1_Arrays
Info: Nothing to build for Assignment2_StringSet
14:10:54 **** Incremental Build of configuration Debug for project CMPT225_Assignment_3_Deque ****
make all 
Building file: ../Deque.cpp
Invoking: GCC C++ Compiler
g++ -O0 -g3 -Wall -c -fmessage-length=0 -MMD -MP -MF"Deque.d" -MT"Deque.d" -o "Deque.o" "../Deque.cpp"
../Deque.cpp:4:13: error: ISO C++ forbids declaration of ‘Node’ with no type [-fpermissive]
 Deque::Node(){
             ^
../Deque.cpp:4:13: error: no ‘int Deque::Node()’ member function declared in class ‘Deque’
make: *** [Deque.o] Error 1
14:10:54 **** Incremental Build of configuration Debug for project NodeTest ****
make all 
make: Nothing to be done for `all'.
Info: Nothing to build for Assignment1_Arrays
Info: Nothing to build for Assignment2_StringSet
14:11:00 **** Incremental Build of configuration Debug for project CMPT225_Assignment_3_Deque ****
make all 
Building file: ../Deque.cpp
Invoking: GCC C++ Compiler
g++ -O0 -g3 -Wall -c -fmessage-length=0 -MMD -MP -MF"Deque.d" -MT"Deque.d" -o "Deque.o" "../Deque.cpp"
Finished building: ../Deque.cpp
 
Building file: ../Main.cpp
Invoking: GCC C++ Compiler
g++ -O0 -g3 -Wall -c -fmessage-length=0 -MMD -MP -MF"Main.d" -MT"Main.d" -o "Main.o" "../Main.cpp"
Finished building: ../Main.cpp
 
Building target: CMPT225_Assignment_3_Deque
Invoking: GCC C++ Linker
g++  -o "CMPT225_Assignment_3_Deque"  ./Deque.o ./Main.o   
Finished building target: CMPT225_Assignment_3_Deque
 
14:11:01 **** Incremental Build of configuration Debug for project NodeTest ****
make all 
make: Nothing to be done for `all'.
Info: Nothing to build for Assignment1_Arrays
Info: Nothing to build for Assignment2_StringSet
14:11:28 **** Incremental Build of configuration Debug for project CMPT225_Assignment_3_Deque ****
make all 
Building file: ../Deque.cpp
Invoking: GCC C++ Compiler
g++ -O0 -g3 -Wall -c -fmessage-length=0 -MMD -MP -MF"Deque.d" -MT"Deque.d" -o "Deque.o" "../Deque.cpp"
../Deque.cpp:4:6: error: expected unqualified-id before ‘)’ token
 Node(){
      ^
make: *** [Deque.o] Error 1
14:11:28 **** Incremental Build of configuration Debug for project NodeTest ****
make all 
make: Nothing to be done for `all'.
Info: Nothing to build for Assignment1_Arrays
Info: Nothing to build for Assignment2_StringSet
14:20:33 **** Incremental Build of configuration Debug for project CMPT225_Assignment_3_Deque ****
make all 
Building file: ../Deque.cpp
Invoking: GCC C++ Compiler
g++ -O0 -g3 -Wall -c -fmessage-length=0 -MMD -MP -MF"Deque.d" -MT"Deque.d" -o "Deque.o" "../Deque.cpp"
Finished building: ../Deque.cpp
 
Building target: CMPT225_Assignment_3_Deque
Invoking: GCC C++ Linker
g++  -o "CMPT225_Assignment_3_Deque"  ./Deque.o ./Main.o   
Finished building target: CMPT225_Assignment_3_Deque
 
14:20:34 **** Incremental Build of configuration Debug for project NodeTest ****
make all 
make: Nothing to be done for `all'.
14:39:03 **** Incremental Build of configuration Debug for project CMPT225_Assignment_3_Deque ****
make all 
Building file: ../Deque.cpp
Invoking: GCC C++ Compiler
g++ -O0 -g3 -Wall -c -fmessage-length=0 -MMD -MP -MF"Deque.d" -MT"Deque.d" -o "Deque.o" "../Deque.cpp"
../Deque.cpp: In member function ‘void Node::deleteNode(int)’:
../Deque.cpp:33:39: error: ISO C++ forbids comparison between pointer and integer [-fpermissive]
  while (curr != NULL && curr->data != delnode) {
                                       ^
../Deque.cpp: At global scope:
../Deque.cpp:55:1: error: expected declaration before ‘}’ token
 }
 ^
make: *** [Deque.o] Error 1
Info: Nothing to build for Assignment1_Arrays
Info: Nothing to build for Assignment2_StringSet
14:40:11 **** Incremental Build of configuration Debug for project CMPT225_Assignment_3_Deque ****
make all 
Building file: ../Deque.cpp
Invoking: GCC C++ Compiler
g++ -O0 -g3 -Wall -c -fmessage-length=0 -MMD -MP -MF"Deque.d" -MT"Deque.d" -o "Deque.o" "../Deque.cpp"
Finished building: ../Deque.cpp
 
Building file: ../Main.cpp
Invoking: GCC C++ Compiler
g++ -O0 -g3 -Wall -c -fmessage-length=0 -MMD -MP -MF"Main.d" -MT"Main.d" -o "Main.o" "../Main.cpp"
Finished building: ../Main.cpp
 
Building target: CMPT225_Assignment_3_Deque
Invoking: GCC C++ Linker
g++  -o "CMPT225_Assignment_3_Deque"  ./Deque.o ./Main.o   
Finished building target: CMPT225_Assignment_3_Deque
 
14:40:12 **** Incremental Build of configuration Debug for project NodeTest ****
make all 
make: Nothing to be done for `all'.
14:40:16 **** Incremental Build of configuration Debug for project CMPT225_Assignment_3_Deque ****
make all 
make: Nothing to be done for `all'.
Info: Nothing to build for Assignment1_Arrays
Info: Nothing to build for Assignment2_StringSet
14:42:02 **** Incremental Build of configuration Debug for project CMPT225_Assignment_3_Deque ****
make all 
Building file: ../Deque.cpp
Invoking: GCC C++ Compiler
g++ -O0 -g3 -Wall -c -fmessage-length=0 -MMD -MP -MF"Deque.d" -MT"Deque.d" -o "Deque.o" "../Deque.cpp"
../Deque.cpp: In member function ‘void Node::deleteNode(int)’:
../Deque.cpp:33:39: error: ISO C++ forbids comparison between pointer and integer [-fpermissive]
  while (curr != NULL && curr->data != delnode) {
                                       ^
make: *** [Deque.o] Error 1
14:42:03 **** Incremental Build of configuration Debug for project NodeTest ****
make all 
make: Nothing to be done for `all'.
Info: Nothing to build for Assignment1_Arrays
Info: Nothing to build for Assignment2_StringSet
14:42:11 **** Incremental Build of configuration Debug for project CMPT225_Assignment_3_Deque ****
make all 
Building file: ../Deque.cpp
Invoking: GCC C++ Compiler
g++ -O0 -g3 -Wall -c -fmessage-length=0 -MMD -MP -MF"Deque.d" -MT"Deque.d" -o "Deque.o" "../Deque.cpp"
Finished building: ../Deque.cpp
 
Building target: CMPT225_Assignment_3_Deque
Invoking: GCC C++ Linker
g++  -o "CMPT225_Assignment_3_Deque"  ./Deque.o ./Main.o   
Finished building target: CMPT225_Assignment_3_Deque
 
14:42:11 **** Incremental Build of configuration Debug for project NodeTest ****
make all 
make: Nothing to be done for `all'.
14:42:17 **** Incremental Build of configuration Debug for project CMPT225_Assignment_3_Deque ****
make all 
make: Nothing to be done for `all'.
14:42:46 **** Incremental Build of configuration Debug for project CMPT225_Assignment_3_Deque ****
make all 
Building file: ../Main.cpp
Invoking: GCC C++ Compiler
g++ -O0 -g3 -Wall -c -fmessage-length=0 -MMD -MP -MF"Main.d" -MT"Main.d" -o "Main.o" "../Main.cpp"
../Main.cpp: In function ‘int main()’:
../Main.cpp:47:2: error: expected ‘;’ before ‘return’
  return 0;
  ^
make: *** [Main.o] Error 1
Info: Nothing to build for Assignment1_Arrays
Info: Nothing to build for Assignment2_StringSet
14:42:54 **** Incremental Build of configuration Debug for project CMPT225_Assignment_3_Deque ****
make all 
Building file: ../Main.cpp
Invoking: GCC C++ Compiler
g++ -O0 -g3 -Wall -c -fmessage-length=0 -MMD -MP -MF"Main.d" -MT"Main.d" -o "Main.o" "../Main.cpp"
Finished building: ../Main.cpp
 
Building target: CMPT225_Assignment_3_Deque
Invoking: GCC C++ Linker
g++  -o "CMPT225_Assignment_3_Deque"  ./Deque.o ./Main.o   
Finished building target: CMPT225_Assignment_3_Deque
 
14:42:54 **** Incremental Build of configuration Debug for project NodeTest ****
make all 
make: Nothing to be done for `all'.
14:42:56 **** Incremental Build of configuration Debug for project CMPT225_Assignment_3_Deque ****
make all 
make: Nothing to be done for `all'.
14:43:10 **** Incremental Build of configuration Debug for project CMPT225_Assignment_3_Deque ****
make all 
Building file: ../Main.cpp
Invoking: GCC C++ Compiler
g++ -O0 -g3 -Wall -c -fmessage-length=0 -MMD -MP -MF"Main.d" -MT"Main.d" -o "Main.o" "../Main.cpp"
Finished building: ../Main.cpp
 
Building target: CMPT225_Assignment_3_Deque
Invoking: GCC C++ Linker
g++  -o "CMPT225_Assignment_3_Deque"  ./Deque.o ./Main.o   
Finished building target: CMPT225_Assignment_3_Deque
 
14:43:14 **** Incremental Build of configuration Debug for project CMPT225_Assignment_3_Deque ****
make all 
Building file: ../Main.cpp
Invoking: GCC C++ Compiler
g++ -O0 -g3 -Wall -c -fmessage-length=0 -MMD -MP -MF"Main.d" -MT"Main.d" -o "Main.o" "../Main.cpp"
Finished building: ../Main.cpp
 
Building target: CMPT225_Assignment_3_Deque
Invoking: GCC C++ Linker
g++  -o "CMPT225_Assignment_3_Deque"  ./Deque.o ./Main.o   
Finished building target: CMPT225_Assignment_3_Deque
 
14:43:20 **** Incremental Build of configuration Debug for project CMPT225_Assignment_3_Deque ****
make all 
Building file: ../Main.cpp
Invoking: GCC C++ Compiler
g++ -O0 -g3 -Wall -c -fmessage-length=0 -MMD -MP -MF"Main.d" -MT"Main.d" -o "Main.o" "../Main.cpp"
Finished building: ../Main.cpp
 
Building target: CMPT225_Assignment_3_Deque
Invoking: GCC C++ Linker
g++  -o "CMPT225_Assignment_3_Deque"  ./Deque.o ./Main.o   
Finished building target: CMPT225_Assignment_3_Deque
 
14:45:00 **** Incremental Build of configuration Debug for project CMPT225_Assignment_3_Deque ****
make all 
Building file: ../Deque.cpp
Invoking: GCC C++ Compiler
g++ -O0 -g3 -Wall -c -fmessage-length=0 -MMD -MP -MF"Deque.d" -MT"Deque.d" -o "Deque.o" "../Deque.cpp"
Finished building: ../Deque.cpp
 
Building file: ../Main.cpp
Invoking: GCC C++ Compiler
g++ -O0 -g3 -Wall -c -fmessage-length=0 -MMD -MP -MF"Main.d" -MT"Main.d" -o "Main.o" "../Main.cpp"
Finished building: ../Main.cpp
 
Building target: CMPT225_Assignment_3_Deque
Invoking: GCC C++ Linker
g++  -o "CMPT225_Assignment_3_Deque"  ./Deque.o ./Main.o   
Finished building target: CMPT225_Assignment_3_Deque
 
14:46:16 **** Incremental Build of configuration Debug for project CMPT225_Assignment_3_Deque ****
make all 
Building file: ../Deque.cpp
Invoking: GCC C++ Compiler
g++ -O0 -g3 -Wall -c -fmessage-length=0 -MMD -MP -MF"Deque.d" -MT"Deque.d" -o "Deque.o" "../Deque.cpp"
Finished building: ../Deque.cpp
 
Building target: CMPT225_Assignment_3_Deque
Invoking: GCC C++ Linker
g++  -o "CMPT225_Assignment_3_Deque"  ./Deque.o ./Main.o   
Finished building target: CMPT225_Assignment_3_Deque
 
14:46:28 **** Incremental Build of configuration Debug for project CMPT225_Assignment_3_Deque ****
make all 
Building file: ../Main.cpp
Invoking: GCC C++ Compiler
g++ -O0 -g3 -Wall -c -fmessage-length=0 -MMD -MP -MF"Main.d" -MT"Main.d" -o "Main.o" "../Main.cpp"
Finished building: ../Main.cpp
 
Building target: CMPT225_Assignment_3_Deque
Invoking: GCC C++ Linker
g++  -o "CMPT225_Assignment_3_Deque"  ./Deque.o ./Main.o   
Finished building target: CMPT225_Assignment_3_Deque
 
14:46:45 **** Incremental Build of configuration Debug for project CMPT225_Assignment_3_Deque ****
make all 
Building file: ../Main.cpp
Invoking: GCC C++ Compiler
g++ -O0 -g3 -Wall -c -fmessage-length=0 -MMD -MP -MF"Main.d" -MT"Main.d" -o "Main.o" "../Main.cpp"
Finished building: ../Main.cpp
 
Building target: CMPT225_Assignment_3_Deque
Invoking: GCC C++ Linker
g++  -o "CMPT225_Assignment_3_Deque"  ./Deque.o ./Main.o   
Finished building target: CMPT225_Assignment_3_Deque
 
14:49:50 **** Incremental Build of configuration Debug for project CMPT225_Assignment_3_Deque ****
make all 
Building file: ../Deque.cpp
Invoking: GCC C++ Compiler
g++ -O0 -g3 -Wall -c -fmessage-length=0 -MMD -MP -MF"Deque.d" -MT"Deque.d" -o "Deque.o" "../Deque.cpp"
Finished building: ../Deque.cpp
 
Building target: CMPT225_Assignment_3_Deque
Invoking: GCC C++ Linker
g++  -o "CMPT225_Assignment_3_Deque"  ./Deque.o ./Main.o   
Finished building target: CMPT225_Assignment_3_Deque
 
14:59:07 **** Incremental Build of configuration Debug for project CMPT225_Assignment_3_Deque ****
make all 
Building file: ../Deque.cpp
Invoking: GCC C++ Compiler
g++ -O0 -g3 -Wall -c -fmessage-length=0 -MMD -MP -MF"Deque.d" -MT"Deque.d" -o "Deque.o" "../Deque.cpp"
../Deque.cpp: In member function ‘int Deque::size() const’:
../Deque.cpp:94:1: warning: no return statement in function returning non-void [-Wreturn-type]
 }
 ^
Finished building: ../Deque.cpp
 
Building file: ../Main.cpp
Invoking: GCC C++ Compiler
g++ -O0 -g3 -Wall -c -fmessage-length=0 -MMD -MP -MF"Main.d" -MT"Main.d" -o "Main.o" "../Main.cpp"
Finished building: ../Main.cpp
 
Building target: CMPT225_Assignment_3_Deque
Invoking: GCC C++ Linker
g++  -o "CMPT225_Assignment_3_Deque"  ./Deque.o ./Main.o   
Finished building target: CMPT225_Assignment_3_Deque
 
14:59:33 **** Incremental Build of configuration Debug for project CMPT225_Assignment_3_Deque ****
make all 
Building file: ../Deque.cpp
Invoking: GCC C++ Compiler
g++ -O0 -g3 -Wall -c -fmessage-length=0 -MMD -MP -MF"Deque.d" -MT"Deque.d" -o "Deque.o" "../Deque.cpp"
../Deque.cpp: In member function ‘int Deque::size() const’:
../Deque.cpp:94:1: warning: no return statement in function returning non-void [-Wreturn-type]
 }
 ^
Finished building: ../Deque.cpp
 
Building target: CMPT225_Assignment_3_Deque
Invoking: GCC C++ Linker
g++  -o "CMPT225_Assignment_3_Deque"  ./Deque.o ./Main.o   
Finished building target: CMPT225_Assignment_3_Deque
 
14:59:51 **** Incremental Build of configuration Debug for project CMPT225_Assignment_3_Deque ****
make all 
Building file: ../Deque.cpp
Invoking: GCC C++ Compiler
g++ -O0 -g3 -Wall -c -fmessage-length=0 -MMD -MP -MF"Deque.d" -MT"Deque.d" -o "Deque.o" "../Deque.cpp"
../Deque.cpp: In member function ‘int Deque::size() const’:
../Deque.cpp:94:1: warning: no return statement in function returning non-void [-Wreturn-type]
 }
 ^
Finished building: ../Deque.cpp
 
Building target: CMPT225_Assignment_3_Deque
Invoking: GCC C++ Linker
g++  -o "CMPT225_Assignment_3_Deque"  ./Deque.o ./Main.o   
Finished building target: CMPT225_Assignment_3_Deque
 
Info: Nothing to build for Assignment1_Arrays
Info: Nothing to build for Assignment2_StringSet
15:01:57 **** Incremental Build of configuration Debug for project CMPT225_Assignment_3_Deque ****
make all 
Building file: ../Deque.cpp
Invoking: GCC C++ Compiler
g++ -O0 -g3 -Wall -c -fmessage-length=0 -MMD -MP -MF"Deque.d" -MT"Deque.d" -o "Deque.o" "../Deque.cpp"
In file included from ../Deque.cpp:1:0:
../Deque.h:47:2: error: ‘Node’ is not a template
  Node<class T> *front;
  ^
../Deque.cpp: In member function ‘int Deque::size() const’:
../Deque.cpp:94:1: warning: no return statement in function returning non-void [-Wreturn-type]
 }
 ^
make: *** [Deque.o] Error 1
15:01:58 **** Incremental Build of configuration Debug for project NodeTest ****
make all 
make: Nothing to be done for `all'.
Info: Nothing to build for Assignment1_Arrays
Info: Nothing to build for Assignment2_StringSet
15:02:05 **** Incremental Build of configuration Debug for project CMPT225_Assignment_3_Deque ****
make all 
Building file: ../Deque.cpp
Invoking: GCC C++ Compiler
g++ -O0 -g3 -Wall -c -fmessage-length=0 -MMD -MP -MF"Deque.d" -MT"Deque.d" -o "Deque.o" "../Deque.cpp"
In file included from ../Deque.cpp:1:0:
../Deque.h:47:2: error: ‘Node’ is not a template
  Node<int> *front;
  ^
../Deque.cpp: In member function ‘int Deque::size() const’:
../Deque.cpp:94:1: warning: no return statement in function returning non-void [-Wreturn-type]
 }
 ^
make: *** [Deque.o] Error 1
15:02:05 **** Incremental Build of configuration Debug for project NodeTest ****
make all 
make: Nothing to be done for `all'.
Info: Nothing to build for Assignment1_Arrays
Info: Nothing to build for Assignment2_StringSet
15:02:11 **** Incremental Build of configuration Debug for project CMPT225_Assignment_3_Deque ****
make all 
Building file: ../Deque.cpp
Invoking: GCC C++ Compiler
g++ -O0 -g3 -Wall -c -fmessage-length=0 -MMD -MP -MF"Deque.d" -MT"Deque.d" -o "Deque.o" "../Deque.cpp"
In file included from ../Deque.cpp:1:0:
../Deque.h:47:2: error: ‘Node’ is not a template
  Node<Integer> *front;
  ^
../Deque.h:47:7: error: ‘Integer’ was not declared in this scope
  Node<Integer> *front;
       ^
../Deque.cpp: In member function ‘int Deque::size() const’:
../Deque.cpp:94:1: warning: no return statement in function returning non-void [-Wreturn-type]
 }
 ^
make: *** [Deque.o] Error 1
15:02:12 **** Incremental Build of configuration Debug for project NodeTest ****
make all 
make: Nothing to be done for `all'.
Info: Nothing to build for Assignment1_Arrays
Info: Nothing to build for Assignment2_StringSet
15:03:15 **** Incremental Build of configuration Debug for project CMPT225_Assignment_3_Deque ****
make all 
Building file: ../Deque.cpp
Invoking: GCC C++ Compiler
g++ -O0 -g3 -Wall -c -fmessage-length=0 -MMD -MP -MF"Deque.d" -MT"Deque.d" -o "Deque.o" "../Deque.cpp"
In file included from ../Deque.cpp:1:0:
../Deque.h:47:2: error: ‘Node’ is not a template
  Node<Deque> *front;
  ^
../Deque.cpp: In member function ‘int Deque::size() const’:
../Deque.cpp:94:1: warning: no return statement in function returning non-void [-Wreturn-type]
 }
 ^
make: *** [Deque.o] Error 1
15:03:15 **** Incremental Build of configuration Debug for project NodeTest ****
make all 
make: Nothing to be done for `all'.
15:10:23 **** Incremental Build of configuration Debug for project CMPT225_Assignment_3_Deque ****
make all 
Building file: ../Deque.cpp
Invoking: GCC C++ Compiler
g++ -O0 -g3 -Wall -c -fmessage-length=0 -MMD -MP -MF"Deque.d" -MT"Deque.d" -o "Deque.o" "../Deque.cpp"
../Deque.cpp: In member function ‘int Deque::size() const’:
../Deque.cpp:94:1: warning: no return statement in function returning non-void [-Wreturn-type]
 }
 ^
Finished building: ../Deque.cpp
 
Building file: ../Main.cpp
Invoking: GCC C++ Compiler
g++ -O0 -g3 -Wall -c -fmessage-length=0 -MMD -MP -MF"Main.d" -MT"Main.d" -o "Main.o" "../Main.cpp"
Finished building: ../Main.cpp
 
Building target: CMPT225_Assignment_3_Deque
Invoking: GCC C++ Linker
g++  -o "CMPT225_Assignment_3_Deque"  ./Deque.o ./Main.o   
Finished building target: CMPT225_Assignment_3_Deque
 
